<?xml version="1.0" encoding="UTF-8"?>
<testng-results ignored="0" total="5" passed="4" failed="1" skipped="0">
  <reporter-output>
  </reporter-output>
  <suite started-at="2024-03-19T09:23:19 EDT" name="Surefire suite" finished-at="2024-03-19T09:24:01 EDT" duration-ms="42055">
    <groups>
      <group name="cucumber">
        <method signature="AbstractTestNGCucumberTests.runScenario(io.cucumber.testng.PickleWrapper,io.cucumber.testng.FeatureWrapper)[pri:0, instance:Parallel.ParallelRun@4313f5bc]" name="runScenario" class="io.cucumber.testng.AbstractTestNGCucumberTests"/>
      </group> <!-- cucumber -->
    </groups>
    <test started-at="2024-03-19T09:23:19 EDT" name="Surefire test" finished-at="2024-03-19T09:24:01 EDT" duration-ms="42055">
      <class name="Parallel.ParallelRun">
        <test-method is-config="true" signature="setUpClass()[pri:0, instance:Parallel.ParallelRun@4313f5bc]" started-at="2024-03-19T09:23:19 EDT" name="setUpClass" finished-at="2024-03-19T09:23:19 EDT" duration-ms="333" status="PASS">
          <reporter-output>
          </reporter-output>
        </test-method> <!-- setUpClass -->
        <test-method signature="runScenario(io.cucumber.testng.PickleWrapper,io.cucumber.testng.FeatureWrapper)[pri:0, instance:Parallel.ParallelRun@4313f5bc]" started-at="2024-03-19T09:23:19 EDT" name="runScenario" description="Runs Cucumber Scenarios" data-provider="scenarios" finished-at="2024-03-19T09:23:47 EDT" duration-ms="27798" status="PASS">
          <params>
            <param index="0">
              <value>
                <![CDATA["Forgot Password Link"]]>
              </value>
            </param>
            <param index="1">
              <value>
                <![CDATA["Optional[Login page feature]"]]>
              </value>
            </param>
          </params>
          <reporter-output>
          </reporter-output>
        </test-method> <!-- runScenario -->
        <test-method signature="runScenario(io.cucumber.testng.PickleWrapper,io.cucumber.testng.FeatureWrapper)[pri:0, instance:Parallel.ParallelRun@4313f5bc]" started-at="2024-03-19T09:23:19 EDT" name="runScenario" description="Runs Cucumber Scenarios" data-provider="scenarios" finished-at="2024-03-19T09:23:58 EDT" duration-ms="38770" status="PASS">
          <params>
            <param index="0">
              <value>
                <![CDATA["Login with correct credentials"]]>
              </value>
            </param>
            <param index="1">
              <value>
                <![CDATA["Optional[Login page feature]"]]>
              </value>
            </param>
          </params>
          <reporter-output>
          </reporter-output>
        </test-method> <!-- runScenario -->
        <test-method signature="runScenario(io.cucumber.testng.PickleWrapper,io.cucumber.testng.FeatureWrapper)[pri:0, instance:Parallel.ParallelRun@4313f5bc]" started-at="2024-03-19T09:23:19 EDT" name="runScenario" description="Runs Cucumber Scenarios" data-provider="scenarios" finished-at="2024-03-19T09:23:46 EDT" duration-ms="26678" status="PASS">
          <params>
            <param index="0">
              <value>
                <![CDATA["Login Page Title"]]>
              </value>
            </param>
            <param index="1">
              <value>
                <![CDATA["Optional[Login page feature]"]]>
              </value>
            </param>
          </params>
          <reporter-output>
          </reporter-output>
        </test-method> <!-- runScenario -->
        <test-method signature="runScenario(io.cucumber.testng.PickleWrapper,io.cucumber.testng.FeatureWrapper)[pri:0, instance:Parallel.ParallelRun@4313f5bc]" started-at="2024-03-19T09:23:19 EDT" name="runScenario" description="Runs Cucumber Scenarios" data-provider="scenarios" finished-at="2024-03-19T09:23:49 EDT" duration-ms="29348" status="PASS">
          <params>
            <param index="0">
              <value>
                <![CDATA["HomePage Title"]]>
              </value>
            </param>
            <param index="1">
              <value>
                <![CDATA["Optional[Home Page Feature]"]]>
              </value>
            </param>
          </params>
          <reporter-output>
          </reporter-output>
        </test-method> <!-- runScenario -->
        <test-method signature="runScenario(io.cucumber.testng.PickleWrapper,io.cucumber.testng.FeatureWrapper)[pri:0, instance:Parallel.ParallelRun@4313f5bc]" started-at="2024-03-19T09:23:19 EDT" name="runScenario" description="Runs Cucumber Scenarios" data-provider="scenarios" finished-at="2024-03-19T09:23:48 EDT" duration-ms="28442" status="FAIL">
          <params>
            <param index="0">
              <value>
                <![CDATA["HomePage section count"]]>
              </value>
            </param>
            <param index="1">
              <value>
                <![CDATA["Optional[Home Page Feature]"]]>
              </value>
            </param>
          </params>
          <exception class="java.lang.AssertionError">
            <full-stacktrace>
              <![CDATA[java.lang.AssertionError
at org.junit.Assert.fail(Assert.java:87)
at org.junit.Assert.assertTrue(Assert.java:42)
at org.junit.Assert.assertTrue(Assert.java:53)
at Parallel.HomePageSteps.homepage_section_count_should_be(HomePageSteps.java:47)
at ✽.Homepage section count should be 13(classpath:Parallel/HomePage.feature:29)
]]>
            </full-stacktrace>
          </exception> <!-- java.lang.AssertionError -->
          <reporter-output>
          </reporter-output>
        </test-method> <!-- runScenario -->
        <test-method is-config="true" signature="tearDownClass()[pri:0, instance:Parallel.ParallelRun@4313f5bc]" started-at="2024-03-19T09:23:58 EDT" name="tearDownClass" finished-at="2024-03-19T09:24:01 EDT" duration-ms="2915" status="PASS">
          <reporter-output>
          </reporter-output>
        </test-method> <!-- tearDownClass -->
      </class> <!-- Parallel.ParallelRun -->
    </test> <!-- Surefire test -->
  </suite> <!-- Surefire suite -->
</testng-results>
